<?xml version="1.0" encoding="UTF-8"?>
<!-- Generated by org.testng.reporters.JUnitXMLReporter -->
<testsuite hostname="HBADT4950189" ignored="0" name="Test" tests="5" failures="3" timestamp="13 Feb 2021 06:49:37 GMT" time="60.862" errors="0">
  <testcase name="searchItem" time="3.233" classname="com.qa.testscripts.TC_AmazonSearchItem_001"/>
  <testcase name="getFooterlinks" time="0.901" classname="com.qa.testscripts.TC_AmazonHomePage_002">
    <failure type="java.lang.AssertionError" message="expected [true] but found [false]">
      <![CDATA[java.lang.AssertionError: expected [true] but found [false]
at com.qa.testscripts.TC_AmazonHomePage_002.getFooterlinks(TC_AmazonHomePage_002.java:38)
... Removed 29 stack frames]]>
    </failure>
  </testcase> <!-- getFooterlinks -->
  <testcase name="searchItemDDT" time="3.689" classname="com.qa.testscripts.TC_AmazonSearchItemDDT_003"/>
  <testcase name="searchItemDDT" time="3.382" classname="com.qa.testscripts.TC_AmazonSearchItemDDT_003">
    <failure type="java.lang.AssertionError" message="expected [true] but found [false]">
      <![CDATA[java.lang.AssertionError: expected [true] but found [false]
at com.qa.testscripts.TC_AmazonSearchItemDDT_003.searchItemDDT(TC_AmazonSearchItemDDT_003.java:43)
... Removed 29 stack frames]]>
    </failure>
  </testcase> <!-- searchItemDDT -->
  <testcase name="searchItemDDT" time="3.843" classname="com.qa.testscripts.TC_AmazonSearchItemDDT_003">
    <failure type="java.nio.file.FileSystemException" message="C:\Users\mandulas\eclipse-workspace\com.qa.devlabs.selenium\Screenshots\searchItemDDT.png: The process cannot access the file because it is being used by another process.
">
      <![CDATA[java.nio.file.FileSystemException: C:\Users\mandulas\eclipse-workspace\com.qa.devlabs.selenium\Screenshots\searchItemDDT.png: The process cannot access the file because it is being used by another process.

at sun.nio.fs.WindowsException.translateToIOException(WindowsException.java:86)
at sun.nio.fs.WindowsException.rethrowAsIOException(WindowsException.java:97)
at sun.nio.fs.WindowsException.rethrowAsIOException(WindowsException.java:102)
at sun.nio.fs.WindowsFileCopy.copy(WindowsFileCopy.java:165)
at sun.nio.fs.WindowsFileSystemProvider.copy(WindowsFileSystemProvider.java:278)
at java.nio.file.Files.copy(Files.java:1274)
at org.apache.commons.io.FileUtils.doCopyFile(FileUtils.java:1392)
at org.apache.commons.io.FileUtils.copyFile(FileUtils.java:885)
at org.apache.commons.io.FileUtils.copyFile(FileUtils.java:835)
at org.apache.commons.io.FileUtils.copyFile(FileUtils.java:802)
at com.qa.testscripts.TestBase.captureScreenshot(TestBase.java:70)
at com.qa.testscripts.TC_AmazonSearchItemDDT_003.searchItemDDT(TC_AmazonSearchItemDDT_003.java:41)
... Removed 25 stack frames]]>
    </failure>
  </testcase> <!-- searchItemDDT -->
</testsuite> <!-- Test -->
