<?xml version="1.0" encoding="UTF-8"?>
<!-- Generated by org.testng.reporters.JUnitXMLReporter -->
<testsuite hostname="HBADT4950189" ignored="0" name="Test" tests="3" failures="0" timestamp="13 Feb 2021 05:15:22 GMT" time="21.481" errors="0">
  <testcase name="@BeforeClass setUp" time="8.461" classname="com.qa.testscripts.TestBase">
    <failure type="java.lang.NullPointerException">
      <![CDATA[java.lang.NullPointerException
at com.qa.testscripts.TestBase.setUp(TestBase.java:53)
... Removed 26 stack frames]]>
    </failure>
  </testcase> <!-- @BeforeClass setUp -->
  <testcase name="@BeforeMethod loadPages" time="0.0" classname="com.qa.testscripts.TC_AmazonSearchItem_001">
    <skipped/>
  </testcase> <!-- @BeforeMethod loadPages -->
  <testcase name="@AfterClass tearDown" time="0.0" classname="com.qa.testscripts.TestBase">
    <skipped/>
  </testcase> <!-- @AfterClass tearDown -->
  <testcase name="@BeforeClass setUp" time="6.85" classname="com.qa.testscripts.TestBase">
    <failure type="java.lang.NullPointerException">
      <![CDATA[java.lang.NullPointerException
at com.qa.testscripts.TestBase.setUp(TestBase.java:53)
... Removed 26 stack frames]]>
    </failure>
  </testcase> <!-- @BeforeClass setUp -->
  <testcase name="@BeforeMethod loadPages" time="0.0" classname="com.qa.testscripts.TC_AmazonHomePage_002">
    <skipped/>
  </testcase> <!-- @BeforeMethod loadPages -->
  <testcase name="@AfterClass tearDown" time="0.0" classname="com.qa.testscripts.TestBase">
    <skipped/>
  </testcase> <!-- @AfterClass tearDown -->
  <testcase name="@BeforeClass setUp" time="5.669" classname="com.qa.testscripts.TestBase">
    <failure type="java.lang.NullPointerException">
      <![CDATA[java.lang.NullPointerException
at com.qa.testscripts.TestBase.setUp(TestBase.java:53)
... Removed 26 stack frames]]>
    </failure>
  </testcase> <!-- @BeforeClass setUp -->
  <testcase name="@AfterClass tearDown" time="0.0" classname="com.qa.testscripts.TestBase">
    <skipped/>
  </testcase> <!-- @AfterClass tearDown -->
  <testcase name="searchItem" time="0.0" classname="com.qa.testscripts.TC_AmazonSearchItem_001">
    <skipped/>
  </testcase> <!-- searchItem -->
  <testcase name="getFooterlinks" time="0.0" classname="com.qa.testscripts.TC_AmazonHomePage_002">
    <skipped/>
  </testcase> <!-- getFooterlinks -->
  <testcase name="searchItemDDT" time="0.0" classname="com.qa.testscripts.TC_AmazonSearchItemDDT_003">
    <skipped/>
  </testcase> <!-- searchItemDDT -->
</testsuite> <!-- Test -->
