<?xml version="1.0" encoding="UTF-8"?>
<!-- Generated by org.testng.reporters.JUnitXMLReporter -->
<testsuite hostname="HBADT4950189" ignored="0" name="Test" tests="5" failures="2" timestamp="11 Feb 2021 11:06:02 GMT" time="63.557" errors="0">
  <testcase name="searchItem" time="4.303" classname="com.qa.testscripts.TC_AmazonSearchItem_001"/>
  <testcase name="getFooterlinks" time="0.724" classname="com.qa.testscripts.TC_AmazonHomePage_002">
    <failure type="java.lang.AssertionError" message="expected [true] but found [false]">
      <![CDATA[java.lang.AssertionError: expected [true] but found [false]
at com.qa.testscripts.TC_AmazonHomePage_002.getFooterlinks(TC_AmazonHomePage_002.java:35)
... Removed 29 stack frames]]>
    </failure>
  </testcase> <!-- getFooterlinks -->
  <testcase name="searchItemDDT" time="5.012" classname="com.qa.testscripts.TC_AmazonSearchItemDDT_003"/>
  <testcase name="searchItemDDT" time="4.578" classname="com.qa.testscripts.TC_AmazonSearchItemDDT_003">
    <failure type="java.lang.AssertionError" message="expected [true] but found [false]">
      <![CDATA[java.lang.AssertionError: expected [true] but found [false]
at com.qa.testscripts.TC_AmazonSearchItemDDT_003.searchItemDDT(TC_AmazonSearchItemDDT_003.java:49)
... Removed 29 stack frames]]>
    </failure>
  </testcase> <!-- searchItemDDT -->
  <testcase name="searchItemDDT" time="2.729" classname="com.qa.testscripts.TC_AmazonSearchItemDDT_003"/>
</testsuite> <!-- Test -->
