<?xml version="1.0" encoding="UTF-8"?>
<testng-results skipped="0" failed="2" ignored="0" total="5" passed="3">
  <reporter-output>
    <line>
      <![CDATA[Title is correct]]>
    </line>
    <line>
      <![CDATA[It is not as expeted]]>
    </line>
    <line>
      <![CDATA[There are items displayed]]>
    </line>
    <line>
      <![CDATA[The Da Vinci Code: (Robert Langdon Book 2)]]>
    </line>
    <line>
      <![CDATA[The Da Vinci Code (Abridged Edition)]]>
    </line>
    <line>
      <![CDATA[Angels and Demons + The Da Vinci Code + The Lost Symbol(Set of 3 Books)]]>
    </line>
    <line>
      <![CDATA[Beyond Da Vinci Code: Pt. 3: Toward the Social Rejuvenation of Humankind, Understanding the Prevailing Capitalism as a Cult of Anti-christianity ... Capitalism as a Cult of Anti-christianity)]]>
    </line>
    <line>
      <![CDATA[Beyond Da Vinci Code: Pt. 2: Toward the Social Rejuvenation of Humankind, Understanding the Prevailing Capitalism as a Cult of Anti-christianity ... Capitalism as a Cult of Anti-christianity)]]>
    </line>
    <line>
      <![CDATA[The Da Vinci Code]]>
    </line>
    <line>
      <![CDATA[THE DA VINCI CODE : A QUEST FOR ANSWERS (Hindi) हिंदी]]>
    </line>
    <line>
      <![CDATA[DA VINCI CODE]]>
    </line>
    <line>
      <![CDATA[Zodiac]]>
    </line>
    <line>
      <![CDATA[The Da Vinci Code]]>
    </line>
    <line>
      <![CDATA[Da Vinci: El Codigo Secreto / the Secret Code]]>
    </line>
    <line>
      <![CDATA[The Da Vinci Code]]>
    </line>
    <line>
      <![CDATA[The da Vinci code]]>
    </line>
    <line>
      <![CDATA[Da vinci Code]]>
    </line>
    <line>
      <![CDATA[Da vinci code]]>
    </line>
    <line>
      <![CDATA[‫شيفرة دافنتشي‬ (Arabic Edition)]]>
    </line>
    <line>
      <![CDATA[There are no items displayed]]>
    </line>
    <line>
      <![CDATA[There are items displayed]]>
    </line>
    <line>
      <![CDATA[Brotherskart Wooden Mobile Stand for Table Home Mobile and Tablet Stand for Table Bed Office]]>
    </line>
    <line>
      <![CDATA[ANGEL Wooden Mobile /Tablet Holder for Desk and Table - Wood Mobile Stand - Can Hold Any Size Mobile , Can Be Used in Office Or Home (Natural Teak Wood)]]>
    </line>
    <line>
      <![CDATA[Jk Handicrafts Wooden Mobile Phone Holder for Desk and Table - Sheesham Wood Mobile Stand - Can Hold Any Size Mobile]]>
    </line>
    <line>
      <![CDATA[VAH Three Phone with Pen Wooden Mobile Stand/Holder for Smartphone (Wooden)]]>
    </line>
    <line>
      <![CDATA[W&M Handicrafts Wooden Mobile Phone/Tablet Holder for Desk and Table - Wood Mobile Stand - Can Hold Any Size Mobile - Can Be Used in Office Or Home (Natural Wooden)]]>
    </line>
    <line>
      <![CDATA[Shubh Empire Teak Wood Elephant Multi-Angle Universal Adjustable Wooden Mobile Stand For Table|Mobile Holder For Bed|Cradle for Tablets (Up to 12.9 inch)|Cell Phone Holder Stand For All Android and iPhone Ipad]]>
    </line>
    <line>
      <![CDATA[Mobile Stand for Table and Bed, Cell Phone Stand Tablet Stand Cell Phone Stand Holder for Desk Cell Phone Stand Wooden Cell Phone Stand/Mobile Stand For Online Classes by AppyNature- Mobile Phone Holder Table]]>
    </line>
    <line>
      <![CDATA[VAH Triangle Design Wooden Mobile Stand/Phone Holder/Table Stand for Smartphone (Wooden)]]>
    </line>
    <line>
      <![CDATA[Wooden Mobile Stand, Natural Mobile Stand for Table, Handmade Mobile Stand for Bed, Card/Cell Phone Holder. Universal Size for All Mobiles and Small Tabs]]>
    </line>
    <line>
      <![CDATA[MS ENTERPRISE Wooden Adjustable Mobile Cell Phone Stand Holder for Table Desk with Big Back Support to Hold All Small Medium of iPhone, iPad, Smartphones, Tablets, Tabs, Kindle - Indian (White)]]>
    </line>
    <line>
      <![CDATA[Cute Dog Cell Phone Holder Desk Stand, Wooden Smartphone Desk Holder for iPhone Xs/Max/XR/X/8/7 Plus/Google Pixel/Samsung Galaxy Note]]>
    </line>
    <line>
      <![CDATA[VAH Round Design Wooden Mobile Stand/Phone Holder/Table Stand for Smartphone (Wooden)]]>
    </line>
    <line>
      <![CDATA[Xech Pen Stand Speaker with Changing Lights Stationery Holder with Wireless Bluetooth Speaker Supports AUX USB Pendrive TF Card Micro SD Card for Office Table Desk Pencil Holder Organizer (White)]]>
    </line>
    <line>
      <![CDATA[EYUVAA LABEL Premium Smart Foldable Mobile Stand for Table and Bed, Height Adjustable Universal Phone Holder for All Smartphones & Tablet (Black)]]>
    </line>
    <line>
      <![CDATA[KGN HANDICRAFT Nagina Shilp Craft Wooden Mobile Stand and Holder for Table]]>
    </line>
    <line>
      <![CDATA[KASTHING Dog Style Wooden Phone Stand for Home. Phone Holder for iPhone, Android, Samsung, OnePlus, Xiaomi. Perfect for Bed, Office, Home, Gift, and Desktop. Gold Color.]]>
    </line>
    <line>
      <![CDATA[Aakarshan Wooden Mobile Stand for Home | Cell Phone and Tablet Holder | Universal Size for All Mobiles and Small Tablets Can Be Used in Office or Home (Brown)]]>
    </line>
    <line>
      <![CDATA[Mars Traders Wooden Mobile Phone Holder for Desk and Table - Sheesham Wood Mobile Stand - Can Hold Any Size Mobile for Decoration and Gifts]]>
    </line>
    <line>
      <![CDATA[Mobile Stand for Table Cell Phone Stand Tablet Stand Cell Phone Stand Holder for Desk Cell Phone Stand Wooden Cell Phone Stand to take Online Classes by AppyNature- Mobile Phone Holder Table]]>
    </line>
    <line>
      <![CDATA[PETALUMA Steam Beach Wooden Mobile Phone Holder for desk and Table Compatible with any size Mobile. A Handmade Wooden Mobile Phone Stand,Different poses and Handmade Animal Phone Holder for All Smart Phone Desk Decoration(Tai chi)]]>
    </line>
    <line>
      <![CDATA[MD Proelectra PD Craft0zone - Desktop Cell Phone Stand Tablet Stand, Wooden Stand Holder for Mobile Phone and Tablet (Up to 10.1 inch) - Wood]]>
    </line>
    <line>
      <![CDATA[PETALUMA Steam Beach Wooden Mobile Phone Holder for desk and Table. Compatible with any size Mobile. A Handmade Wooden Mobile Phone Stand,Different poses and Handmade Animal Phone Holder for All Smart Phone Desk Decoration (Walker)]]>
    </line>
    <line>
      <![CDATA[Wooden Mobile Stand for Mobiles and Tabs]]>
    </line>
    <line>
      <![CDATA[MACNGRID Wooden Bedside Mini Cute Phone Stand Shelf for Bed,Table, Office, Home College Dorm Room Clip On Nightstand for Students Bedside Phone Holder Stand Mount (Pack of 01)]]>
    </line>
    <line>
      <![CDATA[KASTHING KASTHING Wood Bizzy Man with Chair Multi-Angle Universal Adjustable Wooden Mobile Stand for Table | (Up to 12.9 inches) | Cell Phone Holder Stand for All Android and iPhone Ipad. Gold Color]]>
    </line>
    <line>
      <![CDATA[EUDEN Wooden Bedside Mini Cute Phone Stand Shelf for Bed,Table, Office, Home College Dorm Room Clip On Nightstand for Students Bedside Phone Holder Stand Mount (Pack of 01)]]>
    </line>
    <line>
      <![CDATA[Proffisy Phone Stand Height Angle Adjustable Cell Phone Stand Phone Holder for Desk Compatible with OnePlus Redmi Samsung Mi Oppo Vivo iPhone12 Mini 11 Pro Xs Xr X 8 7 Plus, All Smartphones (Black)]]>
    </line>
    <line>
      <![CDATA[ORICO 7 Channel Desk Cable Clips Cable Management Cord Organizer Wire Cord Holder for Power Cords and Charging Accessory Cables, Mouse Cable, PC, Office and Home]]>
    </line>
    <line>
      <![CDATA[HIKER Desktop Cell Phone Holder Mobile Stand & Tablet Phone Stand, Aluminum Charging Phone Stand for All Cell Phones and Tablet (up to 10.1 inch) … (Silver)]]>
    </line>
    <line>
      <![CDATA[WeCool Moonwalk M1 True Wireless Earbuds (TWS) IPX 5 and Digital Display Charging Case, Bluetooth Earphones with Mic for Calls and HD Stereo Music]]>
    </line>
  </reporter-output>
  <suite name="Test Automation" duration-ms="63557" started-at="2021-02-11T11:04:58Z" finished-at="2021-02-11T11:06:02Z">
    <groups>
    </groups>
    <test name="Test" duration-ms="63557" started-at="2021-02-11T11:04:58Z" finished-at="2021-02-11T11:06:02Z">
      <class name="com.qa.testscripts.TC_AmazonHomePage_002">
        <test-method status="PASS" signature="setUp(java.lang.String)[pri:0, instance:com.qa.testscripts.TC_AmazonHomePage_002@370736d9]" name="setUp" is-config="true" duration-ms="12488" started-at="2021-02-11T11:05:18Z" finished-at="2021-02-11T11:05:31Z">
          <params>
            <param index="0">
              <value>
                <![CDATA[firefox]]>
              </value>
            </param>
          </params>
          <reporter-output>
          </reporter-output>
        </test-method> <!-- setUp -->
        <test-method status="PASS" signature="loadPages()[pri:0, instance:com.qa.testscripts.TC_AmazonHomePage_002@370736d9]" name="loadPages" is-config="true" duration-ms="1" started-at="2021-02-11T11:05:31Z" finished-at="2021-02-11T11:05:31Z">
          <reporter-output>
          </reporter-output>
        </test-method> <!-- loadPages -->
        <test-method status="FAIL" signature="getFooterlinks()[pri:0, instance:com.qa.testscripts.TC_AmazonHomePage_002@370736d9]" name="getFooterlinks" duration-ms="724" started-at="2021-02-11T11:05:31Z" finished-at="2021-02-11T11:05:31Z">
          <exception class="java.lang.AssertionError">
            <message>
              <![CDATA[expected [true] but found [false]]]>
            </message>
            <full-stacktrace>
              <![CDATA[java.lang.AssertionError: expected [true] but found [false]
at org.testng.Assert.fail(Assert.java:96)
at org.testng.Assert.failNotEquals(Assert.java:776)
at org.testng.Assert.assertTrue(Assert.java:44)
at org.testng.Assert.assertTrue(Assert.java:54)
at com.qa.testscripts.TC_AmazonHomePage_002.getFooterlinks(TC_AmazonHomePage_002.java:35)
at sun.reflect.NativeMethodAccessorImpl.invoke0(Native Method)
at sun.reflect.NativeMethodAccessorImpl.invoke(NativeMethodAccessorImpl.java:62)
at sun.reflect.DelegatingMethodAccessorImpl.invoke(DelegatingMethodAccessorImpl.java:43)
at java.lang.reflect.Method.invoke(Method.java:498)
at org.testng.internal.MethodInvocationHelper.invokeMethod(MethodInvocationHelper.java:124)
at org.testng.internal.Invoker.invokeMethod(Invoker.java:583)
at org.testng.internal.Invoker.invokeTestMethod(Invoker.java:719)
at org.testng.internal.Invoker.invokeTestMethods(Invoker.java:989)
at org.testng.internal.TestMethodWorker.invokeTestMethods(TestMethodWorker.java:125)
at org.testng.internal.TestMethodWorker.run(TestMethodWorker.java:109)
at org.testng.TestRunner.privateRun(TestRunner.java:648)
at org.testng.TestRunner.run(TestRunner.java:505)
at org.testng.SuiteRunner.runTest(SuiteRunner.java:455)
at org.testng.SuiteRunner.runSequentially(SuiteRunner.java:450)
at org.testng.SuiteRunner.privateRun(SuiteRunner.java:415)
at org.testng.SuiteRunner.run(SuiteRunner.java:364)
at org.testng.SuiteRunnerWorker.runSuite(SuiteRunnerWorker.java:52)
at org.testng.SuiteRunnerWorker.run(SuiteRunnerWorker.java:84)
at org.testng.TestNG.runSuitesSequentially(TestNG.java:1208)
at org.testng.TestNG.runSuitesLocally(TestNG.java:1137)
at org.testng.TestNG.runSuites(TestNG.java:1049)
at org.testng.TestNG.run(TestNG.java:1017)
at org.testng.remote.AbstractRemoteTestNG.run(AbstractRemoteTestNG.java:114)
at org.testng.remote.RemoteTestNG.initAndRun(RemoteTestNG.java:251)
at org.testng.remote.RemoteTestNG.main(RemoteTestNG.java:77)
]]>
            </full-stacktrace>
          </exception> <!-- java.lang.AssertionError -->
          <reporter-output>
            <line>
              <![CDATA[It is not as expeted]]>
            </line>
          </reporter-output>
        </test-method> <!-- getFooterlinks -->
        <test-method status="PASS" signature="tearDown()[pri:0, instance:com.qa.testscripts.TC_AmazonHomePage_002@370736d9]" name="tearDown" is-config="true" duration-ms="1853" started-at="2021-02-11T11:05:31Z" finished-at="2021-02-11T11:05:33Z">
          <reporter-output>
          </reporter-output>
        </test-method> <!-- tearDown -->
      </class> <!-- com.qa.testscripts.TC_AmazonHomePage_002 -->
      <class name="com.qa.testscripts.TC_AmazonSearchItemDDT_003">
        <test-method status="PASS" signature="setUp(java.lang.String)[pri:0, instance:com.qa.testscripts.TC_AmazonSearchItemDDT_003@5f9d02cb]" name="setUp" is-config="true" duration-ms="12846" started-at="2021-02-11T11:05:33Z" finished-at="2021-02-11T11:05:46Z">
          <params>
            <param index="0">
              <value>
                <![CDATA[firefox]]>
              </value>
            </param>
          </params>
          <reporter-output>
          </reporter-output>
        </test-method> <!-- setUp -->
        <test-method status="PASS" signature="loadPages()[pri:0, instance:com.qa.testscripts.TC_AmazonSearchItemDDT_003@5f9d02cb]" name="loadPages" is-config="true" duration-ms="1" started-at="2021-02-11T11:05:48Z" finished-at="2021-02-11T11:05:48Z">
          <reporter-output>
          </reporter-output>
        </test-method> <!-- loadPages -->
        <test-method status="PASS" signature="searchItemDDT(java.lang.String, java.lang.String)[pri:0, instance:com.qa.testscripts.TC_AmazonSearchItemDDT_003@5f9d02cb]" name="searchItemDDT" duration-ms="5012" started-at="2021-02-11T11:05:48Z" data-provider="DataSource" finished-at="2021-02-11T11:05:53Z">
          <params>
            <param index="0">
              <value>
                <![CDATA[Books]]>
              </value>
            </param>
            <param index="1">
              <value>
                <![CDATA[Da vinci Code]]>
              </value>
            </param>
          </params>
          <reporter-output>
            <line>
              <![CDATA[There are items displayed]]>
            </line>
            <line>
              <![CDATA[The Da Vinci Code: (Robert Langdon Book 2)]]>
            </line>
            <line>
              <![CDATA[The Da Vinci Code (Abridged Edition)]]>
            </line>
            <line>
              <![CDATA[Angels and Demons + The Da Vinci Code + The Lost Symbol(Set of 3 Books)]]>
            </line>
            <line>
              <![CDATA[Beyond Da Vinci Code: Pt. 3: Toward the Social Rejuvenation of Humankind, Understanding the Prevailing Capitalism as a Cult of Anti-christianity ... Capitalism as a Cult of Anti-christianity)]]>
            </line>
            <line>
              <![CDATA[Beyond Da Vinci Code: Pt. 2: Toward the Social Rejuvenation of Humankind, Understanding the Prevailing Capitalism as a Cult of Anti-christianity ... Capitalism as a Cult of Anti-christianity)]]>
            </line>
            <line>
              <![CDATA[The Da Vinci Code]]>
            </line>
            <line>
              <![CDATA[THE DA VINCI CODE : A QUEST FOR ANSWERS (Hindi) हिंदी]]>
            </line>
            <line>
              <![CDATA[DA VINCI CODE]]>
            </line>
            <line>
              <![CDATA[Zodiac]]>
            </line>
            <line>
              <![CDATA[The Da Vinci Code]]>
            </line>
            <line>
              <![CDATA[Da Vinci: El Codigo Secreto / the Secret Code]]>
            </line>
            <line>
              <![CDATA[The Da Vinci Code]]>
            </line>
            <line>
              <![CDATA[The da Vinci code]]>
            </line>
            <line>
              <![CDATA[Da vinci Code]]>
            </line>
            <line>
              <![CDATA[Da vinci code]]>
            </line>
            <line>
              <![CDATA[‫شيفرة دافنتشي‬ (Arabic Edition)]]>
            </line>
          </reporter-output>
        </test-method> <!-- searchItemDDT -->
        <test-method status="PASS" signature="loadPages()[pri:0, instance:com.qa.testscripts.TC_AmazonSearchItemDDT_003@5f9d02cb]" name="loadPages" is-config="true" duration-ms="2" started-at="2021-02-11T11:05:53Z" finished-at="2021-02-11T11:05:53Z">
          <reporter-output>
          </reporter-output>
        </test-method> <!-- loadPages -->
        <test-method status="FAIL" signature="searchItemDDT(java.lang.String, java.lang.String)[pri:0, instance:com.qa.testscripts.TC_AmazonSearchItemDDT_003@5f9d02cb]" name="searchItemDDT" duration-ms="4578" started-at="2021-02-11T11:05:53Z" data-provider="DataSource" finished-at="2021-02-11T11:05:57Z">
          <params>
            <param index="0">
              <value>
                <![CDATA[Electronics]]>
              </value>
            </param>
            <param index="1">
              <value>
                <![CDATA[Mobile phones]]>
              </value>
            </param>
          </params>
          <exception class="java.lang.AssertionError">
            <message>
              <![CDATA[expected [true] but found [false]]]>
            </message>
            <full-stacktrace>
              <![CDATA[java.lang.AssertionError: expected [true] but found [false]
at org.testng.Assert.fail(Assert.java:96)
at org.testng.Assert.failNotEquals(Assert.java:776)
at org.testng.Assert.assertTrue(Assert.java:44)
at org.testng.Assert.assertTrue(Assert.java:54)
at com.qa.testscripts.TC_AmazonSearchItemDDT_003.searchItemDDT(TC_AmazonSearchItemDDT_003.java:49)
at sun.reflect.NativeMethodAccessorImpl.invoke0(Native Method)
at sun.reflect.NativeMethodAccessorImpl.invoke(NativeMethodAccessorImpl.java:62)
at sun.reflect.DelegatingMethodAccessorImpl.invoke(DelegatingMethodAccessorImpl.java:43)
at java.lang.reflect.Method.invoke(Method.java:498)
at org.testng.internal.MethodInvocationHelper.invokeMethod(MethodInvocationHelper.java:124)
at org.testng.internal.Invoker.invokeMethod(Invoker.java:583)
at org.testng.internal.Invoker.invokeTestMethod(Invoker.java:719)
at org.testng.internal.Invoker.invokeTestMethods(Invoker.java:989)
at org.testng.internal.TestMethodWorker.invokeTestMethods(TestMethodWorker.java:125)
at org.testng.internal.TestMethodWorker.run(TestMethodWorker.java:109)
at org.testng.TestRunner.privateRun(TestRunner.java:648)
at org.testng.TestRunner.run(TestRunner.java:505)
at org.testng.SuiteRunner.runTest(SuiteRunner.java:455)
at org.testng.SuiteRunner.runSequentially(SuiteRunner.java:450)
at org.testng.SuiteRunner.privateRun(SuiteRunner.java:415)
at org.testng.SuiteRunner.run(SuiteRunner.java:364)
at org.testng.SuiteRunnerWorker.runSuite(SuiteRunnerWorker.java:52)
at org.testng.SuiteRunnerWorker.run(SuiteRunnerWorker.java:84)
at org.testng.TestNG.runSuitesSequentially(TestNG.java:1208)
at org.testng.TestNG.runSuitesLocally(TestNG.java:1137)
at org.testng.TestNG.runSuites(TestNG.java:1049)
at org.testng.TestNG.run(TestNG.java:1017)
at org.testng.remote.AbstractRemoteTestNG.run(AbstractRemoteTestNG.java:114)
at org.testng.remote.RemoteTestNG.initAndRun(RemoteTestNG.java:251)
at org.testng.remote.RemoteTestNG.main(RemoteTestNG.java:77)
]]>
            </full-stacktrace>
          </exception> <!-- java.lang.AssertionError -->
          <reporter-output>
            <line>
              <![CDATA[There are no items displayed]]>
            </line>
          </reporter-output>
        </test-method> <!-- searchItemDDT -->
        <test-method status="PASS" signature="loadPages()[pri:0, instance:com.qa.testscripts.TC_AmazonSearchItemDDT_003@5f9d02cb]" name="loadPages" is-config="true" duration-ms="1" started-at="2021-02-11T11:05:57Z" finished-at="2021-02-11T11:05:57Z">
          <reporter-output>
          </reporter-output>
        </test-method> <!-- loadPages -->
        <test-method status="PASS" signature="searchItemDDT(java.lang.String, java.lang.String)[pri:0, instance:com.qa.testscripts.TC_AmazonSearchItemDDT_003@5f9d02cb]" name="searchItemDDT" duration-ms="2729" started-at="2021-02-11T11:05:57Z" data-provider="DataSource" finished-at="2021-02-11T11:06:00Z">
          <params>
            <param index="0">
              <value>
                <![CDATA[Furniture]]>
              </value>
            </param>
            <param index="1">
              <value>
                <![CDATA[Wooden table]]>
              </value>
            </param>
          </params>
          <reporter-output>
            <line>
              <![CDATA[There are items displayed]]>
            </line>
            <line>
              <![CDATA[Brotherskart Wooden Mobile Stand for Table Home Mobile and Tablet Stand for Table Bed Office]]>
            </line>
            <line>
              <![CDATA[ANGEL Wooden Mobile /Tablet Holder for Desk and Table - Wood Mobile Stand - Can Hold Any Size Mobile , Can Be Used in Office Or Home (Natural Teak Wood)]]>
            </line>
            <line>
              <![CDATA[Jk Handicrafts Wooden Mobile Phone Holder for Desk and Table - Sheesham Wood Mobile Stand - Can Hold Any Size Mobile]]>
            </line>
            <line>
              <![CDATA[VAH Three Phone with Pen Wooden Mobile Stand/Holder for Smartphone (Wooden)]]>
            </line>
            <line>
              <![CDATA[W&M Handicrafts Wooden Mobile Phone/Tablet Holder for Desk and Table - Wood Mobile Stand - Can Hold Any Size Mobile - Can Be Used in Office Or Home (Natural Wooden)]]>
            </line>
            <line>
              <![CDATA[Shubh Empire Teak Wood Elephant Multi-Angle Universal Adjustable Wooden Mobile Stand For Table|Mobile Holder For Bed|Cradle for Tablets (Up to 12.9 inch)|Cell Phone Holder Stand For All Android and iPhone Ipad]]>
            </line>
            <line>
              <![CDATA[Mobile Stand for Table and Bed, Cell Phone Stand Tablet Stand Cell Phone Stand Holder for Desk Cell Phone Stand Wooden Cell Phone Stand/Mobile Stand For Online Classes by AppyNature- Mobile Phone Holder Table]]>
            </line>
            <line>
              <![CDATA[VAH Triangle Design Wooden Mobile Stand/Phone Holder/Table Stand for Smartphone (Wooden)]]>
            </line>
            <line>
              <![CDATA[Wooden Mobile Stand, Natural Mobile Stand for Table, Handmade Mobile Stand for Bed, Card/Cell Phone Holder. Universal Size for All Mobiles and Small Tabs]]>
            </line>
            <line>
              <![CDATA[MS ENTERPRISE Wooden Adjustable Mobile Cell Phone Stand Holder for Table Desk with Big Back Support to Hold All Small Medium of iPhone, iPad, Smartphones, Tablets, Tabs, Kindle - Indian (White)]]>
            </line>
            <line>
              <![CDATA[Cute Dog Cell Phone Holder Desk Stand, Wooden Smartphone Desk Holder for iPhone Xs/Max/XR/X/8/7 Plus/Google Pixel/Samsung Galaxy Note]]>
            </line>
            <line>
              <![CDATA[VAH Round Design Wooden Mobile Stand/Phone Holder/Table Stand for Smartphone (Wooden)]]>
            </line>
            <line>
              <![CDATA[Xech Pen Stand Speaker with Changing Lights Stationery Holder with Wireless Bluetooth Speaker Supports AUX USB Pendrive TF Card Micro SD Card for Office Table Desk Pencil Holder Organizer (White)]]>
            </line>
            <line>
              <![CDATA[EYUVAA LABEL Premium Smart Foldable Mobile Stand for Table and Bed, Height Adjustable Universal Phone Holder for All Smartphones & Tablet (Black)]]>
            </line>
            <line>
              <![CDATA[KGN HANDICRAFT Nagina Shilp Craft Wooden Mobile Stand and Holder for Table]]>
            </line>
            <line>
              <![CDATA[KASTHING Dog Style Wooden Phone Stand for Home. Phone Holder for iPhone, Android, Samsung, OnePlus, Xiaomi. Perfect for Bed, Office, Home, Gift, and Desktop. Gold Color.]]>
            </line>
            <line>
              <![CDATA[Aakarshan Wooden Mobile Stand for Home | Cell Phone and Tablet Holder | Universal Size for All Mobiles and Small Tablets Can Be Used in Office or Home (Brown)]]>
            </line>
            <line>
              <![CDATA[Mars Traders Wooden Mobile Phone Holder for Desk and Table - Sheesham Wood Mobile Stand - Can Hold Any Size Mobile for Decoration and Gifts]]>
            </line>
            <line>
              <![CDATA[Mobile Stand for Table Cell Phone Stand Tablet Stand Cell Phone Stand Holder for Desk Cell Phone Stand Wooden Cell Phone Stand to take Online Classes by AppyNature- Mobile Phone Holder Table]]>
            </line>
            <line>
              <![CDATA[PETALUMA Steam Beach Wooden Mobile Phone Holder for desk and Table Compatible with any size Mobile. A Handmade Wooden Mobile Phone Stand,Different poses and Handmade Animal Phone Holder for All Smart Phone Desk Decoration(Tai chi)]]>
            </line>
            <line>
              <![CDATA[MD Proelectra PD Craft0zone - Desktop Cell Phone Stand Tablet Stand, Wooden Stand Holder for Mobile Phone and Tablet (Up to 10.1 inch) - Wood]]>
            </line>
            <line>
              <![CDATA[PETALUMA Steam Beach Wooden Mobile Phone Holder for desk and Table. Compatible with any size Mobile. A Handmade Wooden Mobile Phone Stand,Different poses and Handmade Animal Phone Holder for All Smart Phone Desk Decoration (Walker)]]>
            </line>
            <line>
              <![CDATA[Wooden Mobile Stand for Mobiles and Tabs]]>
            </line>
            <line>
              <![CDATA[MACNGRID Wooden Bedside Mini Cute Phone Stand Shelf for Bed,Table, Office, Home College Dorm Room Clip On Nightstand for Students Bedside Phone Holder Stand Mount (Pack of 01)]]>
            </line>
            <line>
              <![CDATA[KASTHING KASTHING Wood Bizzy Man with Chair Multi-Angle Universal Adjustable Wooden Mobile Stand for Table | (Up to 12.9 inches) | Cell Phone Holder Stand for All Android and iPhone Ipad. Gold Color]]>
            </line>
            <line>
              <![CDATA[EUDEN Wooden Bedside Mini Cute Phone Stand Shelf for Bed,Table, Office, Home College Dorm Room Clip On Nightstand for Students Bedside Phone Holder Stand Mount (Pack of 01)]]>
            </line>
            <line>
              <![CDATA[Proffisy Phone Stand Height Angle Adjustable Cell Phone Stand Phone Holder for Desk Compatible with OnePlus Redmi Samsung Mi Oppo Vivo iPhone12 Mini 11 Pro Xs Xr X 8 7 Plus, All Smartphones (Black)]]>
            </line>
            <line>
              <![CDATA[ORICO 7 Channel Desk Cable Clips Cable Management Cord Organizer Wire Cord Holder for Power Cords and Charging Accessory Cables, Mouse Cable, PC, Office and Home]]>
            </line>
            <line>
              <![CDATA[HIKER Desktop Cell Phone Holder Mobile Stand & Tablet Phone Stand, Aluminum Charging Phone Stand for All Cell Phones and Tablet (up to 10.1 inch) … (Silver)]]>
            </line>
            <line>
              <![CDATA[WeCool Moonwalk M1 True Wireless Earbuds (TWS) IPX 5 and Digital Display Charging Case, Bluetooth Earphones with Mic for Calls and HD Stereo Music]]>
            </line>
          </reporter-output>
        </test-method> <!-- searchItemDDT -->
        <test-method status="PASS" signature="tearDown()[pri:0, instance:com.qa.testscripts.TC_AmazonSearchItemDDT_003@5f9d02cb]" name="tearDown" is-config="true" duration-ms="1955" started-at="2021-02-11T11:06:00Z" finished-at="2021-02-11T11:06:02Z">
          <reporter-output>
          </reporter-output>
        </test-method> <!-- tearDown -->
      </class> <!-- com.qa.testscripts.TC_AmazonSearchItemDDT_003 -->
      <class name="com.qa.testscripts.TC_AmazonSearchItem_001">
        <test-method status="PASS" signature="setUp(java.lang.String)[pri:0, instance:com.qa.testscripts.TC_AmazonSearchItem_001@3108bc]" name="setUp" is-config="true" duration-ms="13102" started-at="2021-02-11T11:04:59Z" finished-at="2021-02-11T11:05:12Z">
          <params>
            <param index="0">
              <value>
                <![CDATA[firefox]]>
              </value>
            </param>
          </params>
          <reporter-output>
          </reporter-output>
        </test-method> <!-- setUp -->
        <test-method status="PASS" signature="loadPages()[pri:0, instance:com.qa.testscripts.TC_AmazonSearchItem_001@3108bc]" name="loadPages" is-config="true" duration-ms="110" started-at="2021-02-11T11:05:12Z" finished-at="2021-02-11T11:05:12Z">
          <reporter-output>
          </reporter-output>
        </test-method> <!-- loadPages -->
        <test-method status="PASS" signature="searchItem()[pri:0, instance:com.qa.testscripts.TC_AmazonSearchItem_001@3108bc]" name="searchItem" duration-ms="4303" started-at="2021-02-11T11:05:12Z" finished-at="2021-02-11T11:05:16Z">
          <reporter-output>
            <line>
              <![CDATA[Title is correct]]>
            </line>
          </reporter-output>
        </test-method> <!-- searchItem -->
        <test-method status="PASS" signature="tearDown()[pri:0, instance:com.qa.testscripts.TC_AmazonSearchItem_001@3108bc]" name="tearDown" is-config="true" duration-ms="1986" started-at="2021-02-11T11:05:16Z" finished-at="2021-02-11T11:05:18Z">
          <reporter-output>
          </reporter-output>
        </test-method> <!-- tearDown -->
      </class> <!-- com.qa.testscripts.TC_AmazonSearchItem_001 -->
    </test> <!-- Test -->
  </suite> <!-- Test Automation -->
</testng-results>
